<?xml version="1.0" encoding="utf-8"?><testsuites name="pytest tests"><testsuite name="pytest" errors="0" failures="0" skipped="0" tests="10" time="7.192" timestamp="2026-06-22T13:23:05.543392+00:00" hostname="agent-env-fb5935cc-3839-41ae-aaaf-769a560e169d"><testcase classname="backend.tests.test_iter4_password_email_feeds.TestChangePassword" name="test_password_wrong_current" time="1.912" /><testcase classname="backend.tests.test_iter4_password_email_feeds.TestChangePassword" name="test_password_too_short" time="0.053" /><testcase classname="backend.tests.test_iter4_password_email_feeds.TestChangePassword" name="test_password_change_success_and_login" time="1.425" /><testcase classname="backend.tests.test_iter4_password_email_feeds.TestChangeEmail" name="test_email_wrong_current_password" time="0.308" /><testcase classname="backend.tests.test_iter4_password_email_feeds.TestChangeEmail" name="test_email_same_as_current_rejected" time="0.294" /><testcase classname="backend.tests.test_iter4_password_email_feeds.TestChangeEmail" name="test_email_already_in_use" time="0.360" /><testcase classname="backend.tests.test_iter4_password_email_feeds.TestChangeEmail" name="test_email_change_success_and_login" time="1.047" /><testcase classname="backend.tests.test_iter4_password_email_feeds.TestFeeds" name="test_mlbb_videos_returns_array" time="0.242" /><testcase classname="backend.tests.test_iter4_password_email_feeds.TestFeeds" name="test_mlbb_videos_cached" time="1.234" /><testcase classname="backend.tests.test_iter4_password_email_feeds.TestFeeds" name="test_mlbb_instagram" time="0.106" /></testsuite></testsuites>