<?xml version="1.0" encoding="utf-8"?><testsuites name="pytest tests"><testsuite name="pytest" errors="0" failures="0" skipped="0" tests="23" time="4.779" timestamp="2026-06-22T13:00:17.312279+00:00" hostname="agent-env-fb5935cc-3839-41ae-aaaf-769a560e169d"><testcase classname="backend.tests.test_iter3_owner_gallery.TestOwnerLogin" name="test_owner_login_role" time="0.403" /><testcase classname="backend.tests.test_iter3_owner_gallery.TestUsersEndpoint" name="test_get_users_owner" time="0.406" /><testcase classname="backend.tests.test_iter3_owner_gallery.TestUsersEndpoint" name="test_get_users_admin_forbidden" time="0.377" /><testcase classname="backend.tests.test_iter3_owner_gallery.TestUsersEndpoint" name="test_get_users_unauth" time="0.101" /><testcase classname="backend.tests.test_iter3_owner_gallery.TestUsersEndpoint" name="test_change_role_then_revert" time="0.567" /><testcase classname="backend.tests.test_iter3_owner_gallery.TestUsersEndpoint" name="test_change_own_role_rejected" time="0.101" /><testcase classname="backend.tests.test_iter3_owner_gallery.TestUsersEndpoint" name="test_change_role_admin_forbidden" time="0.088" /><testcase classname="backend.tests.test_iter3_owner_gallery.TestUsersEndpoint" name="test_delete_self_rejected" time="0.101" /><testcase classname="backend.tests.test_iter3_owner_gallery.TestUsersEndpoint" name="test_delete_user_owner" time="0.493" /><testcase classname="backend.tests.test_iter3_owner_gallery.TestProfileUpdate" name="test_member_can_update_own_profile" time="0.104" /><testcase classname="backend.tests.test_iter3_owner_gallery.TestProfileUpdate" name="test_unauth_profile_update_blocked" time="0.119" /><testcase classname="backend.tests.test_iter3_owner_gallery.TestMeEndpoints" name="test_me_applications_empty" time="0.118" /><testcase classname="backend.tests.test_iter3_owner_gallery.TestMeEndpoints" name="test_me_registrations" time="0.275" /><testcase classname="backend.tests.test_iter3_owner_gallery.TestMeEndpoints" name="test_me_orders" time="0.259" /><testcase classname="backend.tests.test_iter3_owner_gallery.TestMeEndpoints" name="test_me_unauth" time="0.318" /><testcase classname="backend.tests.test_iter3_owner_gallery.TestGallery" name="test_get_gallery_public" time="0.137" /><testcase classname="backend.tests.test_iter3_owner_gallery.TestGallery" name="test_filter_gallery_by_category" time="0.132" /><testcase classname="backend.tests.test_iter3_owner_gallery.TestGallery" name="test_create_gallery_admin" time="0.052" /><testcase classname="backend.tests.test_iter3_owner_gallery.TestGallery" name="test_create_gallery_unauth" time="0.105" /><testcase classname="backend.tests.test_iter3_owner_gallery.TestGallery" name="test_delete_gallery_admin" time="0.052" /><testcase classname="backend.tests.test_iter3_owner_gallery.TestGallery" name="test_create_gallery_owner" time="0.110" /><testcase classname="backend.tests.test_iter3_owner_gallery.TestAamonLeader" name="test_aamon_is_leader" time="0.101" /><testcase classname="backend.tests.test_iter3_owner_gallery.TestAamonLeader" name="test_coleader_phantom_renamed" time="0.125" /></testsuite></testsuites>