<?xml version="1.0" encoding="utf-8"?><testsuites name="pytest tests"><testsuite name="pytest" errors="0" failures="1" skipped="0" tests="86" time="18.835" timestamp="2026-06-22T13:23:18.221921+00:00" hostname="agent-env-fb5935cc-3839-41ae-aaaf-769a560e169d"><testcase classname="backend.tests.test_darknet_api.TestPublicEndpoints" name="test_get_members" time="0.135"><failure message="AssertionError: assert 'DarkNet_Shadow' in ['NECROLINK_Aamon', 'NECROLINK_Phantom']">E   AssertionError: assert 'DarkNet_Shadow' in ['NECROLINK_Aamon', 'NECROLINK_Phantom']</failure></testcase><testcase classname="backend.tests.test_darknet_api.TestPublicEndpoints" name="test_get_announcements" time="0.047" /><testcase classname="backend.tests.test_darknet_api.TestAuth" name="test_login_admin_success" time="0.433" /><testcase classname="backend.tests.test_darknet_api.TestAuth" name="test_login_invalid" time="0.382" /><testcase classname="backend.tests.test_darknet_api.TestAuth" name="test_get_me_unauthenticated" time="0.137" /><testcase classname="backend.tests.test_darknet_api.TestAuth" name="test_get_me_authenticated" time="0.564" /><testcase classname="backend.tests.test_darknet_api.TestAuth" name="test_register_new_user" time="0.504" /><testcase classname="backend.tests.test_darknet_api.TestAuth" name="test_register_duplicate" time="0.194" /><testcase classname="backend.tests.test_darknet_api.TestAuth" name="test_logout" time="0.505" /><testcase classname="backend.tests.test_darknet_api.TestApplications" name="test_submit_application" time="0.055" /><testcase classname="backend.tests.test_darknet_api.TestApplications" name="test_get_applications_unauth" time="0.176" /><testcase classname="backend.tests.test_darknet_api.TestApplications" name="test_get_applications_admin" time="0.054" /><testcase classname="backend.tests.test_darknet_api.TestApplications" name="test_update_application_status" time="0.056" /><testcase classname="backend.tests.test_darknet_api.TestAnnouncementsAuth" name="test_create_announcement_unauth" time="0.131" /><testcase classname="backend.tests.test_darknet_api.TestAnnouncementsAuth" name="test_create_announcement_admin" time="0.200" /><testcase classname="backend.tests.test_darknet_api.TestAnnouncementsAuth" name="test_delete_announcement_admin" time="0.053" /><testcase classname="backend.tests.test_darknet_api.TestMembersAdmin" name="test_create_member_unauth" time="0.143" /><testcase classname="backend.tests.test_darknet_api.TestMembersAdmin" name="test_create_member_admin" time="0.199" /><testcase classname="backend.tests.test_darknet_api.TestMembersAdmin" name="test_delete_member_admin" time="0.051" /><testcase classname="backend.tests.test_iter3_owner_gallery.TestOwnerLogin" name="test_owner_login_role" time="0.388" /><testcase classname="backend.tests.test_iter3_owner_gallery.TestUsersEndpoint" name="test_get_users_owner" time="0.430" /><testcase classname="backend.tests.test_iter3_owner_gallery.TestUsersEndpoint" name="test_get_users_admin_forbidden" time="0.394" /><testcase classname="backend.tests.test_iter3_owner_gallery.TestUsersEndpoint" name="test_get_users_unauth" time="0.130" /><testcase classname="backend.tests.test_iter3_owner_gallery.TestUsersEndpoint" name="test_change_role_then_revert" time="0.630" /><testcase classname="backend.tests.test_iter3_owner_gallery.TestUsersEndpoint" name="test_change_own_role_rejected" time="0.093" /><testcase classname="backend.tests.test_iter3_owner_gallery.TestUsersEndpoint" name="test_change_role_admin_forbidden" time="0.099" /><testcase classname="backend.tests.test_iter3_owner_gallery.TestUsersEndpoint" name="test_delete_self_rejected" time="0.091" /><testcase classname="backend.tests.test_iter3_owner_gallery.TestUsersEndpoint" name="test_delete_user_owner" time="0.484" /><testcase classname="backend.tests.test_iter3_owner_gallery.TestProfileUpdate" name="test_member_can_update_own_profile" time="0.106" /><testcase classname="backend.tests.test_iter3_owner_gallery.TestProfileUpdate" name="test_unauth_profile_update_blocked" time="0.107" /><testcase classname="backend.tests.test_iter3_owner_gallery.TestMeEndpoints" name="test_me_applications_empty" time="0.049" /><testcase classname="backend.tests.test_iter3_owner_gallery.TestMeEndpoints" name="test_me_registrations" time="0.261" /><testcase classname="backend.tests.test_iter3_owner_gallery.TestMeEndpoints" name="test_me_orders" time="0.303" /><testcase classname="backend.tests.test_iter3_owner_gallery.TestMeEndpoints" name="test_me_unauth" time="0.335" /><testcase classname="backend.tests.test_iter3_owner_gallery.TestGallery" name="test_get_gallery_public" time="0.126" /><testcase classname="backend.tests.test_iter3_owner_gallery.TestGallery" name="test_filter_gallery_by_category" time="0.119" /><testcase classname="backend.tests.test_iter3_owner_gallery.TestGallery" name="test_create_gallery_admin" time="0.048" /><testcase classname="backend.tests.test_iter3_owner_gallery.TestGallery" name="test_create_gallery_unauth" time="0.128" /><testcase classname="backend.tests.test_iter3_owner_gallery.TestGallery" name="test_delete_gallery_admin" time="0.044" /><testcase classname="backend.tests.test_iter3_owner_gallery.TestGallery" name="test_create_gallery_owner" time="0.128" /><testcase classname="backend.tests.test_iter3_owner_gallery.TestAamonLeader" name="test_aamon_is_leader" time="0.104" /><testcase classname="backend.tests.test_iter3_owner_gallery.TestAamonLeader" name="test_coleader_phantom_renamed" time="0.107" /><testcase classname="backend.tests.test_iter4_password_email_feeds.TestChangePassword" name="test_password_wrong_current" time="0.625" /><testcase classname="backend.tests.test_iter4_password_email_feeds.TestChangePassword" name="test_password_too_short" time="0.079" /><testcase classname="backend.tests.test_iter4_password_email_feeds.TestChangePassword" name="test_password_change_success_and_login" time="1.243" /><testcase classname="backend.tests.test_iter4_password_email_feeds.TestChangeEmail" name="test_email_wrong_current_password" time="0.325" /><testcase classname="backend.tests.test_iter4_password_email_feeds.TestChangeEmail" name="test_email_same_as_current_rejected" time="0.306" /><testcase classname="backend.tests.test_iter4_password_email_feeds.TestChangeEmail" name="test_email_already_in_use" time="0.369" /><testcase classname="backend.tests.test_iter4_password_email_feeds.TestChangeEmail" name="test_email_change_success_and_login" time="0.999" /><testcase classname="backend.tests.test_iter4_password_email_feeds.TestFeeds" name="test_mlbb_videos_returns_array" time="0.124" /><testcase classname="backend.tests.test_iter4_password_email_feeds.TestFeeds" name="test_mlbb_videos_cached" time="1.209" /><testcase classname="backend.tests.test_iter4_password_email_feeds.TestFeeds" name="test_mlbb_instagram" time="0.122" /><testcase classname="backend.tests.test_necrolink_api.TestAuth" name="test_login_necrolink_admin" time="0.383" /><testcase classname="backend.tests.test_necrolink_api.TestAuth" name="test_login_legacy_admin" time="0.374" /><testcase classname="backend.tests.test_necrolink_api.TestEvents" name="test_get_events_list" time="0.144" /><testcase classname="backend.tests.test_necrolink_api.TestEvents" name="test_filter_events_upcoming" time="0.046" /><testcase classname="backend.tests.test_necrolink_api.TestEvents" name="test_create_event_admin" time="0.594" /><testcase classname="backend.tests.test_necrolink_api.TestEvents" name="test_create_event_unauth" time="0.116" /><testcase classname="backend.tests.test_necrolink_api.TestEvents" name="test_update_event" time="0.107" /><testcase classname="backend.tests.test_necrolink_api.TestEventRegistrations" name="test_create_registration_event_not_exist" time="0.046" /><testcase classname="backend.tests.test_necrolink_api.TestEventRegistrations" name="test_create_registration_public" time="0.101" /><testcase classname="backend.tests.test_necrolink_api.TestEventRegistrations" name="test_get_registrations_unauth" time="0.120" /><testcase classname="backend.tests.test_necrolink_api.TestEventRegistrations" name="test_get_registrations_admin" time="0.050" /><testcase classname="backend.tests.test_necrolink_api.TestEventRegistrations" name="test_update_registration_status" time="0.060" /><testcase classname="backend.tests.test_necrolink_api.TestEventDeleteCascade" name="test_delete_event_removes_registrations" time="0.265" /><testcase classname="backend.tests.test_necrolink_api.TestNews" name="test_get_news_public" time="0.042" /><testcase classname="backend.tests.test_necrolink_api.TestNews" name="test_filter_news_category" time="0.044" /><testcase classname="backend.tests.test_necrolink_api.TestNews" name="test_create_news_admin" time="0.052" /><testcase classname="backend.tests.test_necrolink_api.TestNews" name="test_create_news_unauth" time="0.136" /><testcase classname="backend.tests.test_necrolink_api.TestNews" name="test_update_news" time="0.051" /><testcase classname="backend.tests.test_necrolink_api.TestNews" name="test_delete_news" time="0.048" /><testcase classname="backend.tests.test_necrolink_api.TestProducts" name="test_get_products" time="0.047" /><testcase classname="backend.tests.test_necrolink_api.TestProducts" name="test_filter_products_section" time="0.086" /><testcase classname="backend.tests.test_necrolink_api.TestProducts" name="test_filter_products_category" time="0.043" /><testcase classname="backend.tests.test_necrolink_api.TestProducts" name="test_create_product_admin" time="0.048" /><testcase classname="backend.tests.test_necrolink_api.TestProducts" name="test_create_product_unauth" time="0.130" /><testcase classname="backend.tests.test_necrolink_api.TestProducts" name="test_update_product" time="0.048" /><testcase classname="backend.tests.test_necrolink_api.TestOrders" name="test_create_order_public" time="0.142" /><testcase classname="backend.tests.test_necrolink_api.TestOrders" name="test_create_order_topup_with_game_ids" time="0.092" /><testcase classname="backend.tests.test_necrolink_api.TestOrders" name="test_get_orders_unauth" time="0.108" /><testcase classname="backend.tests.test_necrolink_api.TestOrders" name="test_update_order_status" time="0.052" /><testcase classname="backend.tests.test_necrolink_api.TestStats" name="test_stats_unauth" time="0.118" /><testcase classname="backend.tests.test_necrolink_api.TestStats" name="test_stats_admin" time="0.066" /><testcase classname="backend.tests.test_necrolink_api.TestUpload" name="test_upload_unauth" time="0.099" /><testcase classname="backend.tests.test_necrolink_api.TestUpload" name="test_upload_admin_image" time="0.534" /><testcase classname="backend.tests.test_necrolink_api.TestUpload" name="test_upload_reject_nonimage" time="0.110" /></testsuite></testsuites>