<?xml version="1.0" encoding="utf-8"?><testsuites name="pytest tests"><testsuite name="pytest" errors="0" failures="0" skipped="0" tests="34" time="4.468" timestamp="2026-06-22T12:27:30.667015+00:00" hostname="agent-env-fb5935cc-3839-41ae-aaaf-769a560e169d"><testcase classname="backend.tests.test_necrolink_api.TestAuth" name="test_login_necrolink_admin" time="0.504" /><testcase classname="backend.tests.test_necrolink_api.TestAuth" name="test_login_legacy_admin" time="0.409" /><testcase classname="backend.tests.test_necrolink_api.TestEvents" name="test_get_events_list" time="0.115" /><testcase classname="backend.tests.test_necrolink_api.TestEvents" name="test_filter_events_upcoming" time="0.045" /><testcase classname="backend.tests.test_necrolink_api.TestEvents" name="test_create_event_admin" time="0.455" /><testcase classname="backend.tests.test_necrolink_api.TestEvents" name="test_create_event_unauth" time="0.112" /><testcase classname="backend.tests.test_necrolink_api.TestEvents" name="test_update_event" time="0.098" /><testcase classname="backend.tests.test_necrolink_api.TestEventRegistrations" name="test_create_registration_event_not_exist" time="0.045" /><testcase classname="backend.tests.test_necrolink_api.TestEventRegistrations" name="test_create_registration_public" time="0.102" /><testcase classname="backend.tests.test_necrolink_api.TestEventRegistrations" name="test_get_registrations_unauth" time="0.117" /><testcase classname="backend.tests.test_necrolink_api.TestEventRegistrations" name="test_get_registrations_admin" time="0.049" /><testcase classname="backend.tests.test_necrolink_api.TestEventRegistrations" name="test_update_registration_status" time="0.051" /><testcase classname="backend.tests.test_necrolink_api.TestEventDeleteCascade" name="test_delete_event_removes_registrations" time="0.244" /><testcase classname="backend.tests.test_necrolink_api.TestNews" name="test_get_news_public" time="0.044" /><testcase classname="backend.tests.test_necrolink_api.TestNews" name="test_filter_news_category" time="0.050" /><testcase classname="backend.tests.test_necrolink_api.TestNews" name="test_create_news_admin" time="0.050" /><testcase classname="backend.tests.test_necrolink_api.TestNews" name="test_create_news_unauth" time="0.138" /><testcase classname="backend.tests.test_necrolink_api.TestNews" name="test_update_news" time="0.048" /><testcase classname="backend.tests.test_necrolink_api.TestNews" name="test_delete_news" time="0.045" /><testcase classname="backend.tests.test_necrolink_api.TestProducts" name="test_get_products" time="0.044" /><testcase classname="backend.tests.test_necrolink_api.TestProducts" name="test_filter_products_section" time="0.086" /><testcase classname="backend.tests.test_necrolink_api.TestProducts" name="test_filter_products_category" time="0.046" /><testcase classname="backend.tests.test_necrolink_api.TestProducts" name="test_create_product_admin" time="0.047" /><testcase classname="backend.tests.test_necrolink_api.TestProducts" name="test_create_product_unauth" time="0.111" /><testcase classname="backend.tests.test_necrolink_api.TestProducts" name="test_update_product" time="0.049" /><testcase classname="backend.tests.test_necrolink_api.TestOrders" name="test_create_order_public" time="0.163" /><testcase classname="backend.tests.test_necrolink_api.TestOrders" name="test_create_order_topup_with_game_ids" time="0.093" /><testcase classname="backend.tests.test_necrolink_api.TestOrders" name="test_get_orders_unauth" time="0.100" /><testcase classname="backend.tests.test_necrolink_api.TestOrders" name="test_update_order_status" time="0.048" /><testcase classname="backend.tests.test_necrolink_api.TestStats" name="test_stats_unauth" time="0.099" /><testcase classname="backend.tests.test_necrolink_api.TestStats" name="test_stats_admin" time="0.052" /><testcase classname="backend.tests.test_necrolink_api.TestUpload" name="test_upload_unauth" time="0.136" /><testcase classname="backend.tests.test_necrolink_api.TestUpload" name="test_upload_admin_image" time="0.458" /><testcase classname="backend.tests.test_necrolink_api.TestUpload" name="test_upload_reject_nonimage" time="0.114" /></testsuite></testsuites>