<?xml version="1.0" encoding="utf-8"?><testsuites name="pytest tests"><testsuite name="pytest" errors="0" failures="0" skipped="0" tests="19" time="71.344" timestamp="2026-06-22T11:57:29.712641+00:00" hostname="agent-env-fb5935cc-3839-41ae-aaaf-769a560e169d"><testcase classname="backend.tests.test_darknet_api.TestPublicEndpoints" name="test_get_members" time="19.775" /><testcase classname="backend.tests.test_darknet_api.TestPublicEndpoints" name="test_get_announcements" time="0.048" /><testcase classname="backend.tests.test_darknet_api.TestAuth" name="test_login_admin_success" time="11.584" /><testcase classname="backend.tests.test_darknet_api.TestAuth" name="test_login_invalid" time="0.271" /><testcase classname="backend.tests.test_darknet_api.TestAuth" name="test_get_me_unauthenticated" time="0.170" /><testcase classname="backend.tests.test_darknet_api.TestAuth" name="test_get_me_authenticated" time="0.437" /><testcase classname="backend.tests.test_darknet_api.TestAuth" name="test_register_new_user" time="0.435" /><testcase classname="backend.tests.test_darknet_api.TestAuth" name="test_register_duplicate" time="0.145" /><testcase classname="backend.tests.test_darknet_api.TestAuth" name="test_logout" time="1.415" /><testcase classname="backend.tests.test_darknet_api.TestApplications" name="test_submit_application" time="0.064" /><testcase classname="backend.tests.test_darknet_api.TestApplications" name="test_get_applications_unauth" time="35.991" /><testcase classname="backend.tests.test_darknet_api.TestApplications" name="test_get_applications_admin" time="0.045" /><testcase classname="backend.tests.test_darknet_api.TestApplications" name="test_update_application_status" time="0.083" /><testcase classname="backend.tests.test_darknet_api.TestAnnouncementsAuth" name="test_create_announcement_unauth" time="0.175" /><testcase classname="backend.tests.test_darknet_api.TestAnnouncementsAuth" name="test_create_announcement_admin" time="0.148" /><testcase classname="backend.tests.test_darknet_api.TestAnnouncementsAuth" name="test_delete_announcement_admin" time="0.042" /><testcase classname="backend.tests.test_darknet_api.TestMembersAdmin" name="test_create_member_unauth" time="0.096" /><testcase classname="backend.tests.test_darknet_api.TestMembersAdmin" name="test_create_member_admin" time="0.145" /><testcase classname="backend.tests.test_darknet_api.TestMembersAdmin" name="test_delete_member_admin" time="0.042" /></testsuite></testsuites>